<?xml version="1.0" encoding="UTF-8"?>
<!-- Generated by org.testng.reporters.JUnitReportReporter -->
<testsuite hostname="DESKTOP-19P6MPC" failures="0" tests="1" name="sampMax_testcase.TC03_SignIn_Flow_Max" time="19.910" errors="0" timestamp="2025-02-18T21:00:14 IST" skipped="0">
  <testcase classname="sampMax_testcase.TC03_SignIn_Flow_Max" name="signIn" time="19.910"/>
</testsuite> <!-- sampMax_testcase.TC03_SignIn_Flow_Max -->
