<?xml version="1.0" encoding="UTF-8"?>
<!-- Generated by org.testng.reporters.JUnitReportReporter -->
<testsuite hostname="DESKTOP-19P6MPC" failures="0" tests="1" name="sampMax_testcase.TC33_sampMax_Info_Max" time="161.281" errors="0" timestamp="2025-02-18T21:00:14 IST" skipped="0">
  <testcase classname="sampMax_testcase.TC33_sampMax_Info_Max" name="removerepair" time="161.281"/>
</testsuite> <!-- sampMax_testcase.TC33_sampMax_Info_Max -->
