<?xml version="1.0" encoding="UTF-8"?>
<!-- Generated by org.testng.reporters.JUnitReportReporter -->
<testsuite hostname="DESKTOP-19P6MPC" failures="0" tests="1" name="sampMax_testcase.TC04_SignIn_Valid_User_Max" time="65.688" errors="0" timestamp="2025-02-18T21:00:14 IST" skipped="0">
  <testcase classname="sampMax_testcase.TC04_SignIn_Valid_User_Max" name="login" time="65.688"/>
</testsuite> <!-- sampMax_testcase.TC04_SignIn_Valid_User_Max -->
